<?xml version="1.0" encoding="UTF-8"?>
<testng-results skipped="0" failed="2" ignored="0" total="2" passed="0">
  <reporter-output>
  </reporter-output>
  <suite name="Suite" duration-ms="231779" started-at="2020-04-27T03:42:38Z" finished-at="2020-04-27T03:46:30Z">
    <groups>
    </groups>
    <test name="Test" duration-ms="231779" started-at="2020-04-27T03:42:38Z" finished-at="2020-04-27T03:46:30Z">
      <class name="io.Test.Telstra.TestProject.Interpreter">
        <test-method status="PASS" signature="initialize()[pri:0, instance:io.Test.Telstra.TestProject.Interpreter@20d3d15a]" name="initialize" is-config="true" duration-ms="3885" started-at="2020-04-27T03:42:38Z" finished-at="2020-04-27T03:42:42Z">
          <reporter-output>
          </reporter-output>
        </test-method> <!-- initialize -->
        <test-method status="PASS" signature="method1()[pri:0, instance:io.Test.Telstra.TestProject.Interpreter@20d3d15a]" name="method1" is-config="true" duration-ms="1" started-at="2020-04-27T03:42:42Z" finished-at="2020-04-27T03:42:42Z">
          <reporter-output>
          </reporter-output>
        </test-method> <!-- method1 -->
        <test-method status="FAIL" signature="executeKeywords(java.lang.String, java.lang.String, java.lang.String)[pri:0, instance:io.Test.Telstra.TestProject.Interpreter@20d3d15a]" name="executeKeywords" duration-ms="224318" started-at="2020-04-27T03:42:42Z" data-provider="getExcel" finished-at="2020-04-27T03:46:26Z">
          <params>
            <param index="0">
              <value>
                <![CDATA[Login_eBay]]>
              </value>
            </param>
            <param index="1">
              <value>
                <![CDATA[]]>
              </value>
            </param>
            <param index="2">
              <value>
                <![CDATA[Y]]>
              </value>
            </param>
          </params>
          <exception class="java.lang.AssertionError">
            <message>
              <![CDATA[no such element: Unable to locate element: {"method":"id","selector":"isCartBtn_btn"}
  (Session info: chrome=81.0.4044.122)
  (Driver info: chromedriver=2.44.609538 (b655c5a60b0b544917107a59d4153d4bf78e1b90),platform=Windows NT 6.1.7601 SP1 x86_64) (WARNING: The server did not provide any stacktrace information)
Command duration or timeout: 0 milliseconds
For documentation on this error, please visit: http://seleniumhq.org/exceptions/no_such_element.html
Build info: version: '3.13.0', revision: '2f0d292', time: '2018-06-25T15:24:21.231Z'
System info: host: 'ADMIN-PC', ip: '192.168.1.103', os.name: 'Windows 7', os.arch: 'amd64', os.version: '6.1', java.version: '1.8.0_45'
Driver info: org.openqa.selenium.chrome.ChromeDriver
Capabilities {acceptInsecureCerts: false, acceptSslCerts: false, applicationCacheEnabled: false, browserConnectionEnabled: false, browserName: chrome, chrome: {chromedriverVersion: 2.44.609538 (b655c5a60b0b54..., userDataDir: C:\Users\admin\AppData\Loca...}, cssSelectorsEnabled: true, databaseEnabled: false, goog:chromeOptions: {debuggerAddress: localhost:62090}, handlesAlerts: true, hasTouchScreen: false, javascriptEnabled: true, locationContextEnabled: true, mobileEmulationEnabled: false, nativeEvents: true, networkConnectionEnabled: false, pageLoadStrategy: normal, platform: XP, platformName: XP, rotatable: false, setWindowRect: true, takesHeapSnapshot: true, takesScreenshot: true, unexpectedAlertBehaviour: ignore, unhandledPromptBehavior: ignore, version: 81.0.4044.122, webStorageEnabled: true}
Session ID: c5afaba1a39d0faefa28d247cd30cdd9
*** Element info: {Using=id, value=isCartBtn_btn}]]>
            </message>
            <full-stacktrace>
              <![CDATA[java.lang.AssertionError: no such element: Unable to locate element: {"method":"id","selector":"isCartBtn_btn"}
  (Session info: chrome=81.0.4044.122)
  (Driver info: chromedriver=2.44.609538 (b655c5a60b0b544917107a59d4153d4bf78e1b90),platform=Windows NT 6.1.7601 SP1 x86_64) (WARNING: The server did not provide any stacktrace information)
Command duration or timeout: 0 milliseconds
For documentation on this error, please visit: http://seleniumhq.org/exceptions/no_such_element.html
Build info: version: '3.13.0', revision: '2f0d292', time: '2018-06-25T15:24:21.231Z'
System info: host: 'ADMIN-PC', ip: '192.168.1.103', os.name: 'Windows 7', os.arch: 'amd64', os.version: '6.1', java.version: '1.8.0_45'
Driver info: org.openqa.selenium.chrome.ChromeDriver
Capabilities {acceptInsecureCerts: false, acceptSslCerts: false, applicationCacheEnabled: false, browserConnectionEnabled: false, browserName: chrome, chrome: {chromedriverVersion: 2.44.609538 (b655c5a60b0b54..., userDataDir: C:\Users\admin\AppData\Loca...}, cssSelectorsEnabled: true, databaseEnabled: false, goog:chromeOptions: {debuggerAddress: localhost:62090}, handlesAlerts: true, hasTouchScreen: false, javascriptEnabled: true, locationContextEnabled: true, mobileEmulationEnabled: false, nativeEvents: true, networkConnectionEnabled: false, pageLoadStrategy: normal, platform: XP, platformName: XP, rotatable: false, setWindowRect: true, takesHeapSnapshot: true, takesScreenshot: true, unexpectedAlertBehaviour: ignore, unhandledPromptBehavior: ignore, version: 81.0.4044.122, webStorageEnabled: true}
Session ID: c5afaba1a39d0faefa28d247cd30cdd9
*** Element info: {Using=id, value=isCartBtn_btn}
at org.testng.Assert.fail(Assert.java:96)
at io.Test.Telstra.TestProject.GlobalFunctions.reportFailure(GlobalFunctions.java:351)
at io.Test.Telstra.TestProject.GlobalFunctions.getWebelement(GlobalFunctions.java:123)
at io.Test.Telstra.TestProject.GlobalFunctions.click(GlobalFunctions.java:136)
at io.Test.Telstra.TestProject.Interpreter.executeKeywords(Interpreter.java:54)
at sun.reflect.NativeMethodAccessorImpl.invoke0(Native Method)
at sun.reflect.NativeMethodAccessorImpl.invoke(NativeMethodAccessorImpl.java:62)
at sun.reflect.DelegatingMethodAccessorImpl.invoke(DelegatingMethodAccessorImpl.java:43)
at java.lang.reflect.Method.invoke(Method.java:497)
at org.testng.internal.MethodInvocationHelper.invokeMethod(MethodInvocationHelper.java:124)
at org.testng.internal.Invoker.invokeMethod(Invoker.java:583)
at org.testng.internal.Invoker.invokeTestMethod(Invoker.java:719)
at org.testng.internal.Invoker.invokeTestMethods(Invoker.java:989)
at org.testng.internal.TestMethodWorker.invokeTestMethods(TestMethodWorker.java:125)
at org.testng.internal.TestMethodWorker.run(TestMethodWorker.java:109)
at org.testng.TestRunner.privateRun(TestRunner.java:648)
at org.testng.TestRunner.run(TestRunner.java:505)
at org.testng.SuiteRunner.runTest(SuiteRunner.java:455)
at org.testng.SuiteRunner.runSequentially(SuiteRunner.java:450)
at org.testng.SuiteRunner.privateRun(SuiteRunner.java:415)
at org.testng.SuiteRunner.run(SuiteRunner.java:364)
at org.testng.SuiteRunnerWorker.runSuite(SuiteRunnerWorker.java:52)
at org.testng.SuiteRunnerWorker.run(SuiteRunnerWorker.java:84)
at org.testng.TestNG.runSuitesSequentially(TestNG.java:1208)
at org.testng.TestNG.runSuitesLocally(TestNG.java:1137)
at org.testng.TestNG.runSuites(TestNG.java:1049)
at org.testng.TestNG.run(TestNG.java:1017)
at io.Test.Telstra.TestProject.Test.main(Test.java:17)
]]>
            </full-stacktrace>
          </exception> <!-- java.lang.AssertionError -->
          <reporter-output>
          </reporter-output>
        </test-method> <!-- executeKeywords -->
        <test-method status="PASS" signature="close()[pri:0, instance:io.Test.Telstra.TestProject.Interpreter@20d3d15a]" name="close" is-config="true" duration-ms="3450" started-at="2020-04-27T03:46:26Z" finished-at="2020-04-27T03:46:30Z">
          <reporter-output>
          </reporter-output>
        </test-method> <!-- close -->
      </class> <!-- io.Test.Telstra.TestProject.Interpreter -->
    </test> <!-- Test -->
  </suite> <!-- Suite -->
  <suite name="Command line suite" duration-ms="163183" started-at="2020-04-27T03:46:30Z" finished-at="2020-04-27T03:49:13Z">
    <groups>
    </groups>
    <test name="Command line test" duration-ms="163183" started-at="2020-04-27T03:46:30Z" finished-at="2020-04-27T03:49:13Z">
      <class name="io.Test.Telstra.TestProject.Interpreter">
        <test-method status="PASS" signature="initialize()[pri:0, instance:io.Test.Telstra.TestProject.Interpreter@6646153]" name="initialize" is-config="true" duration-ms="170" started-at="2020-04-27T03:46:30Z" finished-at="2020-04-27T03:46:30Z">
          <reporter-output>
          </reporter-output>
        </test-method> <!-- initialize -->
        <test-method status="PASS" signature="method1()[pri:0, instance:io.Test.Telstra.TestProject.Interpreter@6646153]" name="method1" is-config="true" duration-ms="0" started-at="2020-04-27T03:46:30Z" finished-at="2020-04-27T03:46:30Z">
          <reporter-output>
          </reporter-output>
        </test-method> <!-- method1 -->
        <test-method status="FAIL" signature="executeKeywords(java.lang.String, java.lang.String, java.lang.String)[pri:0, instance:io.Test.Telstra.TestProject.Interpreter@6646153]" name="executeKeywords" duration-ms="161205" started-at="2020-04-27T03:46:30Z" data-provider="getExcel" finished-at="2020-04-27T03:49:11Z">
          <params>
            <param index="0">
              <value>
                <![CDATA[Login_eBay]]>
              </value>
            </param>
            <param index="1">
              <value>
                <![CDATA[]]>
              </value>
            </param>
            <param index="2">
              <value>
                <![CDATA[Y]]>
              </value>
            </param>
          </params>
          <exception class="java.lang.AssertionError">
            <message>
              <![CDATA[no such element: Unable to locate element: {"method":"id","selector":"isCartBtn_btn"}
  (Session info: chrome=81.0.4044.122)
  (Driver info: chromedriver=2.44.609538 (b655c5a60b0b544917107a59d4153d4bf78e1b90),platform=Windows NT 6.1.7601 SP1 x86_64) (WARNING: The server did not provide any stacktrace information)
Command duration or timeout: 0 milliseconds
For documentation on this error, please visit: http://seleniumhq.org/exceptions/no_such_element.html
Build info: version: '3.13.0', revision: '2f0d292', time: '2018-06-25T15:24:21.231Z'
System info: host: 'ADMIN-PC', ip: '192.168.1.103', os.name: 'Windows 7', os.arch: 'amd64', os.version: '6.1', java.version: '1.8.0_45'
Driver info: org.openqa.selenium.chrome.ChromeDriver
Capabilities {acceptInsecureCerts: false, acceptSslCerts: false, applicationCacheEnabled: false, browserConnectionEnabled: false, browserName: chrome, chrome: {chromedriverVersion: 2.44.609538 (b655c5a60b0b54..., userDataDir: C:\Users\admin\AppData\Loca...}, cssSelectorsEnabled: true, databaseEnabled: false, goog:chromeOptions: {debuggerAddress: localhost:63065}, handlesAlerts: true, hasTouchScreen: false, javascriptEnabled: true, locationContextEnabled: true, mobileEmulationEnabled: false, nativeEvents: true, networkConnectionEnabled: false, pageLoadStrategy: normal, platform: XP, platformName: XP, rotatable: false, setWindowRect: true, takesHeapSnapshot: true, takesScreenshot: true, unexpectedAlertBehaviour: ignore, unhandledPromptBehavior: ignore, version: 81.0.4044.122, webStorageEnabled: true}
Session ID: 2aab9427dc2d403b2b610d9b0c6bc154
*** Element info: {Using=id, value=isCartBtn_btn}]]>
            </message>
            <full-stacktrace>
              <![CDATA[java.lang.AssertionError: no such element: Unable to locate element: {"method":"id","selector":"isCartBtn_btn"}
  (Session info: chrome=81.0.4044.122)
  (Driver info: chromedriver=2.44.609538 (b655c5a60b0b544917107a59d4153d4bf78e1b90),platform=Windows NT 6.1.7601 SP1 x86_64) (WARNING: The server did not provide any stacktrace information)
Command duration or timeout: 0 milliseconds
For documentation on this error, please visit: http://seleniumhq.org/exceptions/no_such_element.html
Build info: version: '3.13.0', revision: '2f0d292', time: '2018-06-25T15:24:21.231Z'
System info: host: 'ADMIN-PC', ip: '192.168.1.103', os.name: 'Windows 7', os.arch: 'amd64', os.version: '6.1', java.version: '1.8.0_45'
Driver info: org.openqa.selenium.chrome.ChromeDriver
Capabilities {acceptInsecureCerts: false, acceptSslCerts: false, applicationCacheEnabled: false, browserConnectionEnabled: false, browserName: chrome, chrome: {chromedriverVersion: 2.44.609538 (b655c5a60b0b54..., userDataDir: C:\Users\admin\AppData\Loca...}, cssSelectorsEnabled: true, databaseEnabled: false, goog:chromeOptions: {debuggerAddress: localhost:63065}, handlesAlerts: true, hasTouchScreen: false, javascriptEnabled: true, locationContextEnabled: true, mobileEmulationEnabled: false, nativeEvents: true, networkConnectionEnabled: false, pageLoadStrategy: normal, platform: XP, platformName: XP, rotatable: false, setWindowRect: true, takesHeapSnapshot: true, takesScreenshot: true, unexpectedAlertBehaviour: ignore, unhandledPromptBehavior: ignore, version: 81.0.4044.122, webStorageEnabled: true}
Session ID: 2aab9427dc2d403b2b610d9b0c6bc154
*** Element info: {Using=id, value=isCartBtn_btn}
at org.testng.Assert.fail(Assert.java:96)
at io.Test.Telstra.TestProject.GlobalFunctions.reportFailure(GlobalFunctions.java:351)
at io.Test.Telstra.TestProject.GlobalFunctions.getWebelement(GlobalFunctions.java:123)
at io.Test.Telstra.TestProject.GlobalFunctions.click(GlobalFunctions.java:136)
at io.Test.Telstra.TestProject.Interpreter.executeKeywords(Interpreter.java:54)
at sun.reflect.NativeMethodAccessorImpl.invoke0(Native Method)
at sun.reflect.NativeMethodAccessorImpl.invoke(NativeMethodAccessorImpl.java:62)
at sun.reflect.DelegatingMethodAccessorImpl.invoke(DelegatingMethodAccessorImpl.java:43)
at java.lang.reflect.Method.invoke(Method.java:497)
at org.testng.internal.MethodInvocationHelper.invokeMethod(MethodInvocationHelper.java:124)
at org.testng.internal.Invoker.invokeMethod(Invoker.java:583)
at org.testng.internal.Invoker.invokeTestMethod(Invoker.java:719)
at org.testng.internal.Invoker.invokeTestMethods(Invoker.java:989)
at org.testng.internal.TestMethodWorker.invokeTestMethods(TestMethodWorker.java:125)
at org.testng.internal.TestMethodWorker.run(TestMethodWorker.java:109)
at org.testng.TestRunner.privateRun(TestRunner.java:648)
at org.testng.TestRunner.run(TestRunner.java:505)
at org.testng.SuiteRunner.runTest(SuiteRunner.java:455)
at org.testng.SuiteRunner.runSequentially(SuiteRunner.java:450)
at org.testng.SuiteRunner.privateRun(SuiteRunner.java:415)
at org.testng.SuiteRunner.run(SuiteRunner.java:364)
at org.testng.SuiteRunnerWorker.runSuite(SuiteRunnerWorker.java:52)
at org.testng.SuiteRunnerWorker.run(SuiteRunnerWorker.java:84)
at org.testng.TestNG.runSuitesSequentially(TestNG.java:1208)
at org.testng.TestNG.runSuitesLocally(TestNG.java:1137)
at org.testng.TestNG.runSuites(TestNG.java:1049)
at org.testng.TestNG.run(TestNG.java:1017)
at io.Test.Telstra.TestProject.Test.main(Test.java:17)
]]>
            </full-stacktrace>
          </exception> <!-- java.lang.AssertionError -->
          <reporter-output>
          </reporter-output>
        </test-method> <!-- executeKeywords -->
        <test-method status="PASS" signature="close()[pri:0, instance:io.Test.Telstra.TestProject.Interpreter@6646153]" name="close" is-config="true" duration-ms="1802" started-at="2020-04-27T03:49:11Z" finished-at="2020-04-27T03:49:13Z">
          <reporter-output>
          </reporter-output>
        </test-method> <!-- close -->
      </class> <!-- io.Test.Telstra.TestProject.Interpreter -->
    </test> <!-- Command line test -->
  </suite> <!-- Command line suite -->
</testng-results>
